<?xml version="1.0" encoding="UTF-8" ?>
<testsuite tests="5" failures="0" name="no.nav.foreldrepenger.autotest.dokumentgenerator.InntektsmeldingBuilderTest" time="0.115" errors="0" skipped="0">
  <properties>
    <property name="java.runtime.name" value="OpenJDK Runtime Environment"/>
    <property name="java.vm.version" value="13.0.1+9"/>
    <property name="sun.boot.library.path" value="/Library/Java/JavaVirtualMachines/openjdk-13.0.1.jdk/Contents/Home/lib"/>
    <property name="maven.multiModuleProjectDirectory" value="/Users/mayu/IdeaProjects/vtp-dockumentgenerator"/>
    <property name="java.vm.vendor" value="Oracle Corporation"/>
    <property name="java.vendor.url" value="https://java.oracle.com/"/>
    <property name="path.separator" value=":"/>
    <property name="guice.disable.misplaced.annotation.check" value="true"/>
    <property name="java.vm.name" value="OpenJDK 64-Bit Server VM"/>
    <property name="user.country" value="NO"/>
    <property name="sun.java.launcher" value="SUN_STANDARD"/>
    <property name="java.vm.specification.name" value="Java Virtual Machine Specification"/>
    <property name="user.dir" value="/Users/mayu/IdeaProjects/vtp-dockumentgenerator"/>
    <property name="java.vm.compressedOopsMode" value="Zero based"/>
    <property name="java.runtime.version" value="13.0.1+9"/>
    <property name="os.arch" value="x86_64"/>
    <property name="java.io.tmpdir" value="/var/folders/cj/t5x254xx3wq7szhz9mv9q2140000gn/T/"/>
    <property name="line.separator" value="
"/>
    <property name="java.vm.specification.vendor" value="Oracle Corporation"/>
    <property name="os.name" value="Mac OS X"/>
    <property name="classworlds.conf" value="/usr/local/Cellar/maven/3.6.2/libexec/bin/m2.conf"/>
    <property name="sun.jnu.encoding" value="UTF-8"/>
    <property name="java.library.path" value="/Users/mayu/Library/Java/Extensions:/Library/Java/Extensions:/Network/Library/Java/Extensions:/System/Library/Java/Extensions:/usr/lib/java:."/>
    <property name="maven.conf" value="/usr/local/Cellar/maven/3.6.2/libexec/conf"/>
    <property name="jdk.debug" value="release"/>
    <property name="java.class.version" value="57.0"/>
    <property name="java.specification.name" value="Java Platform API Specification"/>
    <property name="sun.management.compiler" value="HotSpot 64-Bit Tiered Compilers"/>
    <property name="os.version" value="10.15.1"/>
    <property name="library.jansi.path" value="/usr/local/Cellar/maven/3.6.2/libexec/lib/jansi-native"/>
    <property name="user.home" value="/Users/mayu"/>
    <property name="user.timezone" value="Europe/Oslo"/>
    <property name="file.encoding" value="US-ASCII"/>
    <property name="java.specification.version" value="13"/>
    <property name="user.name" value="mayu"/>
    <property name="java.class.path" value="/usr/local/Cellar/maven/3.6.2/libexec/boot/plexus-classworlds-2.6.0.jar"/>
    <property name="java.vm.specification.version" value="13"/>
    <property name="sun.arch.data.model" value="64"/>
    <property name="sun.java.command" value="org.codehaus.plexus.classworlds.launcher.Launcher clean install"/>
    <property name="java.home" value="/Library/Java/JavaVirtualMachines/openjdk-13.0.1.jdk/Contents/Home"/>
    <property name="user.language" value="nb"/>
    <property name="java.specification.vendor" value="Oracle Corporation"/>
    <property name="java.vm.info" value="mixed mode, sharing"/>
    <property name="java.version" value="13.0.1"/>
    <property name="java.vendor" value="Oracle Corporation"/>
    <property name="maven.home" value="/usr/local/Cellar/maven/3.6.2/libexec"/>
    <property name="file.separator" value="/"/>
    <property name="java.version.date" value="2019-10-15"/>
    <property name="java.vendor.url.bug" value="https://bugreport.java.com/bugreport/"/>
    <property name="sun.io.unicode.encoding" value="UnicodeBig"/>
    <property name="sun.cpu.endian" value="little"/>
  </properties>
  <testcase classname="no.nav.foreldrepenger.autotest.dokumentgenerator.InntektsmeldingBuilderTest" name="IMtest" time="0.005"/>
  <testcase classname="no.nav.foreldrepenger.autotest.dokumentgenerator.InntektsmeldingBuilderTest" name="arbeidsgiverErPrivatTestr" time="0.04"/>
  <testcase classname="no.nav.foreldrepenger.autotest.dokumentgenerator.InntektsmeldingBuilderTest" name="inntektsmeldingPleiepengerTest" time="0.023"/>
  <testcase classname="no.nav.foreldrepenger.autotest.dokumentgenerator.InntektsmeldingBuilderTest" name="inntektsmeldingGeneratorTest" time="0.018"/>
  <testcase classname="no.nav.foreldrepenger.autotest.dokumentgenerator.InntektsmeldingBuilderTest" name="inntektsmeldingOmsorgspengerTest" time="0.029"/>
</testsuite>